

Started GET "/" for ::1 at 2019-11-21 19:28:40 -0500

ActiveRecord::PendingMigrationError (

Migrations are pending. To resolve this issue, run:

	bin/rake db:migrate RAILS_ENV=development

):
  activerecord (4.2.8) lib/active_record/migration.rb:392:in `check_pending!'
  activerecord (4.2.8) lib/active_record/migration.rb:373:in `call'
  actionpack (4.2.8) lib/action_dispatch/middleware/callbacks.rb:29:in `block in call'
  activesupport (4.2.8) lib/active_support/callbacks.rb:88:in `__run_callbacks__'
  activesupport (4.2.8) lib/active_support/callbacks.rb:778:in `_run_call_callbacks'
  activesupport (4.2.8) lib/active_support/callbacks.rb:81:in `run_callbacks'
  actionpack (4.2.8) lib/action_dispatch/middleware/callbacks.rb:27:in `call'
  actionpack (4.2.8) lib/action_dispatch/middleware/reloader.rb:73:in `call'
  actionpack (4.2.8) lib/action_dispatch/middleware/remote_ip.rb:78:in `call'
  actionpack (4.2.8) lib/action_dispatch/middleware/debug_exceptions.rb:17:in `call'
  web-console (2.3.0) lib/web_console/middleware.rb:28:in `block in call'
  web-console (2.3.0) lib/web_console/middleware.rb:18:in `catch'
  web-console (2.3.0) lib/web_console/middleware.rb:18:in `call'
  actionpack (4.2.8) lib/action_dispatch/middleware/show_exceptions.rb:30:in `call'
  railties (4.2.8) lib/rails/rack/logger.rb:38:in `call_app'
  railties (4.2.8) lib/rails/rack/logger.rb:20:in `block in call'
  activesupport (4.2.8) lib/active_support/tagged_logging.rb:68:in `block in tagged'
  activesupport (4.2.8) lib/active_support/tagged_logging.rb:26:in `tagged'
  activesupport (4.2.8) lib/active_support/tagged_logging.rb:68:in `tagged'
  railties (4.2.8) lib/rails/rack/logger.rb:20:in `call'
  actionpack (4.2.8) lib/action_dispatch/middleware/request_id.rb:21:in `call'
  rack (1.6.10) lib/rack/methodoverride.rb:22:in `call'
  rack (1.6.10) lib/rack/runtime.rb:18:in `call'
  activesupport (4.2.8) lib/active_support/cache/strategy/local_cache_middleware.rb:28:in `call'
  rack (1.6.10) lib/rack/lock.rb:17:in `call'
  actionpack (4.2.8) lib/action_dispatch/middleware/static.rb:120:in `call'
  rack (1.6.10) lib/rack/sendfile.rb:113:in `call'
  railties (4.2.8) lib/rails/engine.rb:518:in `call'
  railties (4.2.8) lib/rails/application.rb:165:in `call'
  rack (1.6.10) lib/rack/lock.rb:17:in `call'
  rack (1.6.10) lib/rack/content_length.rb:15:in `call'
  rack (1.6.10) lib/rack/handler/webrick.rb:88:in `service'
  /Users/jasonterlizzi/.rvm/rubies/ruby-2.6.3/lib/ruby/2.6.0/webrick/httpserver.rb:140:in `service'
  /Users/jasonterlizzi/.rvm/rubies/ruby-2.6.3/lib/ruby/2.6.0/webrick/httpserver.rb:96:in `run'
  /Users/jasonterlizzi/.rvm/rubies/ruby-2.6.3/lib/ruby/2.6.0/webrick/server.rb:307:in `block in start_thread'


  Rendered /Users/jasonterlizzi/.rvm/gems/ruby-2.6.3/gems/actionpack-4.2.8/lib/action_dispatch/middleware/templates/rescues/_source.erb (1.2ms)
  Rendered /Users/jasonterlizzi/.rvm/gems/ruby-2.6.3/gems/actionpack-4.2.8/lib/action_dispatch/middleware/templates/rescues/_trace.html.erb (0.8ms)
  Rendered /Users/jasonterlizzi/.rvm/gems/ruby-2.6.3/gems/actionpack-4.2.8/lib/action_dispatch/middleware/templates/rescues/_request_and_response.html.erb (0.5ms)
  Rendered /Users/jasonterlizzi/.rvm/gems/ruby-2.6.3/gems/actionpack-4.2.8/lib/action_dispatch/middleware/templates/rescues/diagnostics.html.erb within rescues/layout (15.4ms)
  Rendered /Users/jasonterlizzi/.rvm/gems/ruby-2.6.3/gems/web-console-2.3.0/lib/web_console/templates/_markup.html.erb (0.2ms)
  Rendered /Users/jasonterlizzi/.rvm/gems/ruby-2.6.3/gems/web-console-2.3.0/lib/web_console/templates/_inner_console_markup.html.erb within layouts/inlined_string (0.2ms)
  Rendered /Users/jasonterlizzi/.rvm/gems/ruby-2.6.3/gems/web-console-2.3.0/lib/web_console/templates/_prompt_box_markup.html.erb within layouts/inlined_string (0.1ms)
  Rendered /Users/jasonterlizzi/.rvm/gems/ruby-2.6.3/gems/web-console-2.3.0/lib/web_console/templates/style.css.erb within layouts/inlined_string (0.2ms)
  Rendered /Users/jasonterlizzi/.rvm/gems/ruby-2.6.3/gems/web-console-2.3.0/lib/web_console/templates/console.js.erb within layouts/javascript (16.3ms)
  Rendered /Users/jasonterlizzi/.rvm/gems/ruby-2.6.3/gems/web-console-2.3.0/lib/web_console/templates/main.js.erb within layouts/javascript (0.1ms)
  Rendered /Users/jasonterlizzi/.rvm/gems/ruby-2.6.3/gems/web-console-2.3.0/lib/web_console/templates/error_page.js.erb within layouts/javascript (0.2ms)
  Rendered /Users/jasonterlizzi/.rvm/gems/ruby-2.6.3/gems/web-console-2.3.0/lib/web_console/templates/index.html.erb (32.9ms)
  [1m[36m (1.2ms)[0m  [1mCREATE TABLE "schema_migrations" ("version" varchar NOT NULL) [0m
  [1m[35m (0.0ms)[0m  select sqlite_version(*)
  [1m[36m (0.8ms)[0m  [1mCREATE UNIQUE INDEX "unique_schema_migrations" ON "schema_migrations" ("version")[0m
  [1m[35mActiveRecord::SchemaMigration Load (0.1ms)[0m  SELECT "schema_migrations".* FROM "schema_migrations"
Migrating to CreateCars (20150907153643)
  [1m[36m (0.0ms)[0m  [1mbegin transaction[0m
  [1m[35m (0.3ms)[0m  CREATE TABLE "cars" ("id" INTEGER PRIMARY KEY AUTOINCREMENT NOT NULL, "make" varchar, "color" varchar, "year" integer, "created_at" datetime NOT NULL, "updated_at" datetime NOT NULL) 
  [1m[36mSQL (0.1ms)[0m  [1mINSERT INTO "schema_migrations" ("version") VALUES (?)[0m  [["version", "20150907153643"]]
  [1m[35m (0.8ms)[0m  commit transaction
Migrating to AddPriceToCars (20150907183118)
  [1m[36m (0.0ms)[0m  [1mbegin transaction[0m
  [1m[35m (0.3ms)[0m  ALTER TABLE "cars" ADD "price" decimal(10,2)
  [1m[36mSQL (0.1ms)[0m  [1mINSERT INTO "schema_migrations" ("version") VALUES (?)[0m  [["version", "20150907183118"]]
  [1m[35m (0.6ms)[0m  commit transaction
Migrating to RenameMakeToCompany (20150907185017)
  [1m[36m (0.0ms)[0m  [1mbegin transaction[0m
  [1m[35m (0.1ms)[0m  CREATE TEMPORARY TABLE "acars" ("id" INTEGER PRIMARY KEY AUTOINCREMENT NOT NULL, "company" varchar, "color" varchar, "year" integer, "created_at" datetime NOT NULL, "updated_at" datetime NOT NULL, "price" decimal(10,2)) 
  [1m[36m (0.0ms)[0m  [1mSELECT * FROM "cars"[0m
  [1m[35m (0.2ms)[0m  DROP TABLE "cars"
  [1m[36m (0.1ms)[0m  [1mCREATE TABLE "cars" ("id" INTEGER PRIMARY KEY AUTOINCREMENT NOT NULL, "company" varchar, "color" varchar, "year" integer, "created_at" datetime NOT NULL, "updated_at" datetime NOT NULL, "price" decimal(10,2)) [0m
  [1m[35m (0.0ms)[0m  SELECT * FROM "acars"
  [1m[36m (0.1ms)[0m  [1mDROP TABLE "acars"[0m
  [1m[35mSQL (0.1ms)[0m  INSERT INTO "schema_migrations" ("version") VALUES (?)  [["version", "20150907185017"]]
  [1m[36m (0.5ms)[0m  [1mcommit transaction[0m
Migrating to CreatePeople (20150907202117)
  [1m[35m (0.0ms)[0m  begin transaction
  [1m[36m (0.3ms)[0m  [1mCREATE TABLE "people" ("id" INTEGER PRIMARY KEY AUTOINCREMENT NOT NULL, "first_name" varchar, "last_name" varchar, "created_at" datetime NOT NULL, "updated_at" datetime NOT NULL) [0m
  [1m[35mSQL (0.1ms)[0m  INSERT INTO "schema_migrations" ("version") VALUES (?)  [["version", "20150907202117"]]
  [1m[36m (0.6ms)[0m  [1mcommit transaction[0m
  [1m[35mActiveRecord::SchemaMigration Load (0.1ms)[0m  SELECT "schema_migrations".* FROM "schema_migrations"


Started GET "/" for ::1 at 2019-11-21 19:30:12 -0500
  [1m[36mActiveRecord::SchemaMigration Load (0.1ms)[0m  [1mSELECT "schema_migrations".* FROM "schema_migrations"[0m
Processing by Rails::WelcomeController#index as HTML
  Rendered /Users/jasonterlizzi/.rvm/gems/ruby-2.6.3/gems/railties-4.2.8/lib/rails/templates/rails/welcome/index.html.erb (7.6ms)
Completed 200 OK in 20ms (Views: 14.6ms | ActiveRecord: 0.0ms)


Started GET "/index" for ::1 at 2019-11-21 19:32:07 -0500

ActionController::RoutingError (No route matches [GET] "/index"):
  actionpack (4.2.8) lib/action_dispatch/middleware/debug_exceptions.rb:21:in `call'
  web-console (2.3.0) lib/web_console/middleware.rb:28:in `block in call'
  web-console (2.3.0) lib/web_console/middleware.rb:18:in `catch'
  web-console (2.3.0) lib/web_console/middleware.rb:18:in `call'
  actionpack (4.2.8) lib/action_dispatch/middleware/show_exceptions.rb:30:in `call'
  railties (4.2.8) lib/rails/rack/logger.rb:38:in `call_app'
  railties (4.2.8) lib/rails/rack/logger.rb:20:in `block in call'
  activesupport (4.2.8) lib/active_support/tagged_logging.rb:68:in `block in tagged'
  activesupport (4.2.8) lib/active_support/tagged_logging.rb:26:in `tagged'
  activesupport (4.2.8) lib/active_support/tagged_logging.rb:68:in `tagged'
  railties (4.2.8) lib/rails/rack/logger.rb:20:in `call'
  actionpack (4.2.8) lib/action_dispatch/middleware/request_id.rb:21:in `call'
  rack (1.6.10) lib/rack/methodoverride.rb:22:in `call'
  rack (1.6.10) lib/rack/runtime.rb:18:in `call'
  activesupport (4.2.8) lib/active_support/cache/strategy/local_cache_middleware.rb:28:in `call'
  rack (1.6.10) lib/rack/lock.rb:17:in `call'
  actionpack (4.2.8) lib/action_dispatch/middleware/static.rb:120:in `call'
  rack (1.6.10) lib/rack/sendfile.rb:113:in `call'
  railties (4.2.8) lib/rails/engine.rb:518:in `call'
  railties (4.2.8) lib/rails/application.rb:165:in `call'
  rack (1.6.10) lib/rack/lock.rb:17:in `call'
  rack (1.6.10) lib/rack/content_length.rb:15:in `call'
  rack (1.6.10) lib/rack/handler/webrick.rb:88:in `service'
  /Users/jasonterlizzi/.rvm/rubies/ruby-2.6.3/lib/ruby/2.6.0/webrick/httpserver.rb:140:in `service'
  /Users/jasonterlizzi/.rvm/rubies/ruby-2.6.3/lib/ruby/2.6.0/webrick/httpserver.rb:96:in `run'
  /Users/jasonterlizzi/.rvm/rubies/ruby-2.6.3/lib/ruby/2.6.0/webrick/server.rb:307:in `block in start_thread'


  Rendered /Users/jasonterlizzi/.rvm/gems/ruby-2.6.3/gems/actionpack-4.2.8/lib/action_dispatch/middleware/templates/rescues/_trace.html.erb (0.9ms)
  Rendered /Users/jasonterlizzi/.rvm/gems/ruby-2.6.3/gems/actionpack-4.2.8/lib/action_dispatch/middleware/templates/routes/_route.html.erb (0.5ms)
  Rendered /Users/jasonterlizzi/.rvm/gems/ruby-2.6.3/gems/actionpack-4.2.8/lib/action_dispatch/middleware/templates/routes/_table.html.erb (4.9ms)
  Rendered /Users/jasonterlizzi/.rvm/gems/ruby-2.6.3/gems/actionpack-4.2.8/lib/action_dispatch/middleware/templates/rescues/_request_and_response.html.erb (0.6ms)
  Rendered /Users/jasonterlizzi/.rvm/gems/ruby-2.6.3/gems/actionpack-4.2.8/lib/action_dispatch/middleware/templates/rescues/routing_error.html.erb within rescues/layout (26.6ms)
  Rendered /Users/jasonterlizzi/.rvm/gems/ruby-2.6.3/gems/web-console-2.3.0/lib/web_console/templates/_markup.html.erb (0.2ms)
  Rendered /Users/jasonterlizzi/.rvm/gems/ruby-2.6.3/gems/web-console-2.3.0/lib/web_console/templates/_inner_console_markup.html.erb within layouts/inlined_string (0.2ms)
  Rendered /Users/jasonterlizzi/.rvm/gems/ruby-2.6.3/gems/web-console-2.3.0/lib/web_console/templates/_prompt_box_markup.html.erb within layouts/inlined_string (0.1ms)
  Rendered /Users/jasonterlizzi/.rvm/gems/ruby-2.6.3/gems/web-console-2.3.0/lib/web_console/templates/style.css.erb within layouts/inlined_string (0.2ms)
  Rendered /Users/jasonterlizzi/.rvm/gems/ruby-2.6.3/gems/web-console-2.3.0/lib/web_console/templates/console.js.erb within layouts/javascript (16.4ms)
  Rendered /Users/jasonterlizzi/.rvm/gems/ruby-2.6.3/gems/web-console-2.3.0/lib/web_console/templates/main.js.erb within layouts/javascript (0.1ms)
  Rendered /Users/jasonterlizzi/.rvm/gems/ruby-2.6.3/gems/web-console-2.3.0/lib/web_console/templates/error_page.js.erb within layouts/javascript (0.2ms)
  Rendered /Users/jasonterlizzi/.rvm/gems/ruby-2.6.3/gems/web-console-2.3.0/lib/web_console/templates/index.html.erb (31.7ms)


Started GET "/index/cars" for ::1 at 2019-11-21 19:32:26 -0500

ActionController::RoutingError (No route matches [GET] "/index/cars"):
  actionpack (4.2.8) lib/action_dispatch/middleware/debug_exceptions.rb:21:in `call'
  web-console (2.3.0) lib/web_console/middleware.rb:28:in `block in call'
  web-console (2.3.0) lib/web_console/middleware.rb:18:in `catch'
  web-console (2.3.0) lib/web_console/middleware.rb:18:in `call'
  actionpack (4.2.8) lib/action_dispatch/middleware/show_exceptions.rb:30:in `call'
  railties (4.2.8) lib/rails/rack/logger.rb:38:in `call_app'
  railties (4.2.8) lib/rails/rack/logger.rb:20:in `block in call'
  activesupport (4.2.8) lib/active_support/tagged_logging.rb:68:in `block in tagged'
  activesupport (4.2.8) lib/active_support/tagged_logging.rb:26:in `tagged'
  activesupport (4.2.8) lib/active_support/tagged_logging.rb:68:in `tagged'
  railties (4.2.8) lib/rails/rack/logger.rb:20:in `call'
  actionpack (4.2.8) lib/action_dispatch/middleware/request_id.rb:21:in `call'
  rack (1.6.10) lib/rack/methodoverride.rb:22:in `call'
  rack (1.6.10) lib/rack/runtime.rb:18:in `call'
  activesupport (4.2.8) lib/active_support/cache/strategy/local_cache_middleware.rb:28:in `call'
  rack (1.6.10) lib/rack/lock.rb:17:in `call'
  actionpack (4.2.8) lib/action_dispatch/middleware/static.rb:120:in `call'
  rack (1.6.10) lib/rack/sendfile.rb:113:in `call'
  railties (4.2.8) lib/rails/engine.rb:518:in `call'
  railties (4.2.8) lib/rails/application.rb:165:in `call'
  rack (1.6.10) lib/rack/lock.rb:17:in `call'
  rack (1.6.10) lib/rack/content_length.rb:15:in `call'
  rack (1.6.10) lib/rack/handler/webrick.rb:88:in `service'
  /Users/jasonterlizzi/.rvm/rubies/ruby-2.6.3/lib/ruby/2.6.0/webrick/httpserver.rb:140:in `service'
  /Users/jasonterlizzi/.rvm/rubies/ruby-2.6.3/lib/ruby/2.6.0/webrick/httpserver.rb:96:in `run'
  /Users/jasonterlizzi/.rvm/rubies/ruby-2.6.3/lib/ruby/2.6.0/webrick/server.rb:307:in `block in start_thread'


  Rendered /Users/jasonterlizzi/.rvm/gems/ruby-2.6.3/gems/actionpack-4.2.8/lib/action_dispatch/middleware/templates/rescues/_trace.html.erb (0.9ms)
  Rendered /Users/jasonterlizzi/.rvm/gems/ruby-2.6.3/gems/actionpack-4.2.8/lib/action_dispatch/middleware/templates/routes/_route.html.erb (0.5ms)
  Rendered /Users/jasonterlizzi/.rvm/gems/ruby-2.6.3/gems/actionpack-4.2.8/lib/action_dispatch/middleware/templates/routes/_table.html.erb (0.7ms)
  Rendered /Users/jasonterlizzi/.rvm/gems/ruby-2.6.3/gems/actionpack-4.2.8/lib/action_dispatch/middleware/templates/rescues/_request_and_response.html.erb (0.6ms)
  Rendered /Users/jasonterlizzi/.rvm/gems/ruby-2.6.3/gems/actionpack-4.2.8/lib/action_dispatch/middleware/templates/rescues/routing_error.html.erb within rescues/layout (14.7ms)
  Rendered /Users/jasonterlizzi/.rvm/gems/ruby-2.6.3/gems/web-console-2.3.0/lib/web_console/templates/_markup.html.erb (0.2ms)
  Rendered /Users/jasonterlizzi/.rvm/gems/ruby-2.6.3/gems/web-console-2.3.0/lib/web_console/templates/_inner_console_markup.html.erb within layouts/inlined_string (0.2ms)
  Rendered /Users/jasonterlizzi/.rvm/gems/ruby-2.6.3/gems/web-console-2.3.0/lib/web_console/templates/_prompt_box_markup.html.erb within layouts/inlined_string (0.1ms)
  Rendered /Users/jasonterlizzi/.rvm/gems/ruby-2.6.3/gems/web-console-2.3.0/lib/web_console/templates/style.css.erb within layouts/inlined_string (0.2ms)
  Rendered /Users/jasonterlizzi/.rvm/gems/ruby-2.6.3/gems/web-console-2.3.0/lib/web_console/templates/console.js.erb within layouts/javascript (10.6ms)
  Rendered /Users/jasonterlizzi/.rvm/gems/ruby-2.6.3/gems/web-console-2.3.0/lib/web_console/templates/main.js.erb within layouts/javascript (0.1ms)
  Rendered /Users/jasonterlizzi/.rvm/gems/ruby-2.6.3/gems/web-console-2.3.0/lib/web_console/templates/error_page.js.erb within layouts/javascript (0.2ms)
  Rendered /Users/jasonterlizzi/.rvm/gems/ruby-2.6.3/gems/web-console-2.3.0/lib/web_console/templates/index.html.erb (21.1ms)


Started GET "/cars" for ::1 at 2019-11-21 19:32:31 -0500
Processing by CarsController#index as HTML
  [1m[35mCar Load (0.1ms)[0m  SELECT "cars".* FROM "cars"
  Rendered cars/index.html.erb within layouts/application (1.4ms)
Completed 200 OK in 485ms (Views: 483.7ms | ActiveRecord: 0.2ms)


Started GET "/assets/cars.self-e3b0c44298fc1c149afbf4c8996fb92427ae41e4649b934ca495991b7852b855.css?body=1" for ::1 at 2019-11-21 19:32:32 -0500


Started GET "/assets/scaffolds.self-9a4040a03dcee5e0461f88943bed7026421457350e229885b290e101674b2b4e.css?body=1" for ::1 at 2019-11-21 19:32:32 -0500


Started GET "/assets/jquery.self-bd7ddd393353a8d2480a622e80342adf488fb6006d667e8b42e4c0073393abee.js?body=1" for ::1 at 2019-11-21 19:32:32 -0500


Started GET "/assets/application.self-e80e8f2318043e8af94dddc2adad5a4f09739a8ebb323b3ab31cd71d45fd9113.css?body=1" for ::1 at 2019-11-21 19:32:32 -0500


Started GET "/assets/jquery_ujs.self-784a997f6726036b1993eb2217c9cb558e1cbb801c6da88105588c56f13b466a.js?body=1" for ::1 at 2019-11-21 19:32:32 -0500


Started GET "/assets/cars.self-877aef30ae1b040ab8a3aba4e3e309a11d7f2612f44dde450b5c157aa5f95c05.js?body=1" for ::1 at 2019-11-21 19:32:32 -0500


Started GET "/assets/application.self-3b8dabdc891efe46b9a144b400ad69e37d7e5876bdc39dee783419a69d7ca819.js?body=1" for ::1 at 2019-11-21 19:32:32 -0500


Started GET "/cars/new" for ::1 at 2019-11-21 19:32:35 -0500
Processing by CarsController#new as HTML
  Rendered cars/_form.html.erb (5.6ms)
  Rendered cars/new.html.erb within layouts/application (6.5ms)
Completed 200 OK in 20ms (Views: 16.2ms | ActiveRecord: 0.2ms)


Started POST "/cars" for ::1 at 2019-11-21 19:32:44 -0500
Processing by CarsController#create as HTML
  Parameters: {"utf8"=>"✓", "authenticity_token"=>"d3lz/IrcQrfWvgm2DM30S6XKImxRGyP6GDVOKKHCGzfnyitjFnb23t9DU15KilvL1foKaoO1qpGFFfBT5xly2A==", "car"=>{"company"=>"Terlizzi", "color"=>"red", "year"=>"2017"}, "commit"=>"Create Car"}
  [1m[36m (0.1ms)[0m  [1mbegin transaction[0m
  [1m[35mSQL (0.4ms)[0m  INSERT INTO "cars" ("company", "color", "year", "created_at", "updated_at") VALUES (?, ?, ?, ?, ?)  [["company", "Terlizzi"], ["color", "red"], ["year", 2017], ["created_at", "2019-11-22 00:32:44.328043"], ["updated_at", "2019-11-22 00:32:44.328043"]]
  [1m[36m (0.9ms)[0m  [1mcommit transaction[0m
Redirected to http://localhost:3000/cars/1
Completed 302 Found in 4ms (ActiveRecord: 1.4ms)


Started GET "/cars/1" for ::1 at 2019-11-21 19:32:44 -0500
Processing by CarsController#show as HTML
  Parameters: {"id"=>"1"}
  [1m[35mCar Load (0.1ms)[0m  SELECT  "cars".* FROM "cars" WHERE "cars"."id" = ? LIMIT 1  [["id", 1]]
  Rendered cars/show.html.erb within layouts/application (0.6ms)
Completed 200 OK in 16ms (Views: 11.1ms | ActiveRecord: 0.1ms)


Started GET "/cars" for ::1 at 2019-11-21 19:32:49 -0500
Processing by CarsController#index as HTML
  [1m[36mCar Load (0.1ms)[0m  [1mSELECT "cars".* FROM "cars"[0m
  Rendered cars/index.html.erb within layouts/application (0.8ms)
Completed 200 OK in 12ms (Views: 11.3ms | ActiveRecord: 0.1ms)


Started DELETE "/cars/1" for ::1 at 2019-11-21 19:32:54 -0500
Processing by CarsController#destroy as HTML
  Parameters: {"authenticity_token"=>"6FJbhQN+VE78sDp7pzZcsPLR7JXWs6uXaRLxbnQLLWp44QMan9TgJ/VNYJPhcfMwguHEkwQdIvz0Mk8VMtBEhQ==", "id"=>"1"}
  [1m[35mCar Load (0.1ms)[0m  SELECT  "cars".* FROM "cars" WHERE "cars"."id" = ? LIMIT 1  [["id", 1]]
  [1m[36m (0.0ms)[0m  [1mbegin transaction[0m
  [1m[35mSQL (0.3ms)[0m  DELETE FROM "cars" WHERE "cars"."id" = ?  [["id", 1]]
  [1m[36m (0.8ms)[0m  [1mcommit transaction[0m
Redirected to http://localhost:3000/cars
Completed 302 Found in 3ms (ActiveRecord: 1.2ms)


Started GET "/cars" for ::1 at 2019-11-21 19:32:54 -0500
Processing by CarsController#index as HTML
  [1m[35mCar Load (0.1ms)[0m  SELECT "cars".* FROM "cars"
  Rendered cars/index.html.erb within layouts/application (0.4ms)
Completed 200 OK in 10ms (Views: 10.0ms | ActiveRecord: 0.1ms)


Started GET "/" for ::1 at 2019-11-21 19:33:45 -0500

ActionController::RoutingError (uninitialized constant WelcomeController):
  activesupport (4.2.8) lib/active_support/inflector/methods.rb:261:in `const_get'
  activesupport (4.2.8) lib/active_support/inflector/methods.rb:261:in `block in constantize'
  activesupport (4.2.8) lib/active_support/inflector/methods.rb:259:in `each'
  activesupport (4.2.8) lib/active_support/inflector/methods.rb:259:in `inject'
  activesupport (4.2.8) lib/active_support/inflector/methods.rb:259:in `constantize'
  actionpack (4.2.8) lib/action_dispatch/routing/route_set.rb:70:in `controller_reference'
  actionpack (4.2.8) lib/action_dispatch/routing/route_set.rb:60:in `controller'
  actionpack (4.2.8) lib/action_dispatch/routing/route_set.rb:39:in `serve'
  actionpack (4.2.8) lib/action_dispatch/journey/router.rb:43:in `block in serve'
  actionpack (4.2.8) lib/action_dispatch/journey/router.rb:30:in `each'
  actionpack (4.2.8) lib/action_dispatch/journey/router.rb:30:in `serve'
  actionpack (4.2.8) lib/action_dispatch/routing/route_set.rb:817:in `call'
  rack (1.6.10) lib/rack/etag.rb:24:in `call'
  rack (1.6.10) lib/rack/conditionalget.rb:25:in `call'
  rack (1.6.10) lib/rack/head.rb:13:in `call'
  actionpack (4.2.8) lib/action_dispatch/middleware/params_parser.rb:27:in `call'
  actionpack (4.2.8) lib/action_dispatch/middleware/flash.rb:260:in `call'
  rack (1.6.10) lib/rack/session/abstract/id.rb:225:in `context'
  rack (1.6.10) lib/rack/session/abstract/id.rb:220:in `call'
  actionpack (4.2.8) lib/action_dispatch/middleware/cookies.rb:560:in `call'
  activerecord (4.2.8) lib/active_record/query_cache.rb:36:in `call'
  activerecord (4.2.8) lib/active_record/connection_adapters/abstract/connection_pool.rb:653:in `call'
  activerecord (4.2.8) lib/active_record/migration.rb:377:in `call'
  actionpack (4.2.8) lib/action_dispatch/middleware/callbacks.rb:29:in `block in call'
  activesupport (4.2.8) lib/active_support/callbacks.rb:88:in `__run_callbacks__'
  activesupport (4.2.8) lib/active_support/callbacks.rb:778:in `_run_call_callbacks'
  activesupport (4.2.8) lib/active_support/callbacks.rb:81:in `run_callbacks'
  actionpack (4.2.8) lib/action_dispatch/middleware/callbacks.rb:27:in `call'
  actionpack (4.2.8) lib/action_dispatch/middleware/reloader.rb:73:in `call'
  actionpack (4.2.8) lib/action_dispatch/middleware/remote_ip.rb:78:in `call'
  actionpack (4.2.8) lib/action_dispatch/middleware/debug_exceptions.rb:17:in `call'
  web-console (2.3.0) lib/web_console/middleware.rb:28:in `block in call'
  web-console (2.3.0) lib/web_console/middleware.rb:18:in `catch'
  web-console (2.3.0) lib/web_console/middleware.rb:18:in `call'
  actionpack (4.2.8) lib/action_dispatch/middleware/show_exceptions.rb:30:in `call'
  railties (4.2.8) lib/rails/rack/logger.rb:38:in `call_app'
  railties (4.2.8) lib/rails/rack/logger.rb:20:in `block in call'
  activesupport (4.2.8) lib/active_support/tagged_logging.rb:68:in `block in tagged'
  activesupport (4.2.8) lib/active_support/tagged_logging.rb:26:in `tagged'
  activesupport (4.2.8) lib/active_support/tagged_logging.rb:68:in `tagged'
  railties (4.2.8) lib/rails/rack/logger.rb:20:in `call'
  actionpack (4.2.8) lib/action_dispatch/middleware/request_id.rb:21:in `call'
  rack (1.6.10) lib/rack/methodoverride.rb:22:in `call'
  rack (1.6.10) lib/rack/runtime.rb:18:in `call'
  activesupport (4.2.8) lib/active_support/cache/strategy/local_cache_middleware.rb:28:in `call'
  rack (1.6.10) lib/rack/lock.rb:17:in `call'
  actionpack (4.2.8) lib/action_dispatch/middleware/static.rb:120:in `call'
  rack (1.6.10) lib/rack/sendfile.rb:113:in `call'
  railties (4.2.8) lib/rails/engine.rb:518:in `call'
  railties (4.2.8) lib/rails/application.rb:165:in `call'
  rack (1.6.10) lib/rack/lock.rb:17:in `call'
  rack (1.6.10) lib/rack/content_length.rb:15:in `call'
  rack (1.6.10) lib/rack/handler/webrick.rb:88:in `service'
  /Users/jasonterlizzi/.rvm/rubies/ruby-2.6.3/lib/ruby/2.6.0/webrick/httpserver.rb:140:in `service'
  /Users/jasonterlizzi/.rvm/rubies/ruby-2.6.3/lib/ruby/2.6.0/webrick/httpserver.rb:96:in `run'
  /Users/jasonterlizzi/.rvm/rubies/ruby-2.6.3/lib/ruby/2.6.0/webrick/server.rb:307:in `block in start_thread'


  Rendered /Users/jasonterlizzi/.rvm/gems/ruby-2.6.3/gems/actionpack-4.2.8/lib/action_dispatch/middleware/templates/rescues/_trace.html.erb (1.1ms)
  Rendered /Users/jasonterlizzi/.rvm/gems/ruby-2.6.3/gems/actionpack-4.2.8/lib/action_dispatch/middleware/templates/routes/_route.html.erb (0.5ms)
  Rendered /Users/jasonterlizzi/.rvm/gems/ruby-2.6.3/gems/actionpack-4.2.8/lib/action_dispatch/middleware/templates/routes/_table.html.erb (0.7ms)
  Rendered /Users/jasonterlizzi/.rvm/gems/ruby-2.6.3/gems/actionpack-4.2.8/lib/action_dispatch/middleware/templates/rescues/_request_and_response.html.erb (0.7ms)
  Rendered /Users/jasonterlizzi/.rvm/gems/ruby-2.6.3/gems/actionpack-4.2.8/lib/action_dispatch/middleware/templates/rescues/routing_error.html.erb within rescues/layout (14.4ms)
  Rendered /Users/jasonterlizzi/.rvm/gems/ruby-2.6.3/gems/web-console-2.3.0/lib/web_console/templates/_markup.html.erb (0.2ms)
  Rendered /Users/jasonterlizzi/.rvm/gems/ruby-2.6.3/gems/web-console-2.3.0/lib/web_console/templates/_inner_console_markup.html.erb within layouts/inlined_string (0.2ms)
  Rendered /Users/jasonterlizzi/.rvm/gems/ruby-2.6.3/gems/web-console-2.3.0/lib/web_console/templates/_prompt_box_markup.html.erb within layouts/inlined_string (0.2ms)
  Rendered /Users/jasonterlizzi/.rvm/gems/ruby-2.6.3/gems/web-console-2.3.0/lib/web_console/templates/style.css.erb within layouts/inlined_string (0.2ms)
  Rendered /Users/jasonterlizzi/.rvm/gems/ruby-2.6.3/gems/web-console-2.3.0/lib/web_console/templates/console.js.erb within layouts/javascript (10.4ms)
  Rendered /Users/jasonterlizzi/.rvm/gems/ruby-2.6.3/gems/web-console-2.3.0/lib/web_console/templates/main.js.erb within layouts/javascript (0.2ms)
  Rendered /Users/jasonterlizzi/.rvm/gems/ruby-2.6.3/gems/web-console-2.3.0/lib/web_console/templates/error_page.js.erb within layouts/javascript (0.2ms)
  Rendered /Users/jasonterlizzi/.rvm/gems/ruby-2.6.3/gems/web-console-2.3.0/lib/web_console/templates/index.html.erb (21.5ms)
  [1m[36mActiveRecord::SchemaMigration Load (0.1ms)[0m  [1mSELECT "schema_migrations".* FROM "schema_migrations"[0m
  [1m[35mActiveRecord::SchemaMigration Load (0.0ms)[0m  SELECT "schema_migrations".* FROM "schema_migrations"
